<?xml version="1.0" encoding="UTF-8"?>
<testsuite name="mockito.MockitoTest" tests="1" skipped="0" failures="0" errors="0" timestamp="2020-04-06T20:33:07" hostname="DESKTOP-IK65DAA" time="0.699">
  <properties/>
  <testcase name="customerReaderTest" classname="mockito.MockitoTest" time="0.699"/>
  <system-out><![CDATA[]]></system-out>
  <system-err><![CDATA[]]></system-err>
</testsuite>
